{"contracts/AntekIsERC20.sol":{"l":{"22":1,"31":1,"44":4,"46":4,"57":4,"59":3,"61":2,"63":2},"path":"/Users/imac/Documents/blockchain/airdrop-dapp/backend/contracts/AntekIsERC20.sol","s":{"1":4,"2":4,"3":4,"4":3,"5":2},"b":{"1":[1,1],"2":[3,1],"3":[2,1]},"f":{"1":1,"2":1,"3":4,"4":4},"fnMap":{"1":{"name":"constructor","line":20,"loc":{"start":{"line":18,"column":4},"end":{"line":23,"column":4}}},"2":{"name":"setMerkleRoot","line":30,"loc":{"start":{"line":30,"column":4},"end":{"line":32,"column":4}}},"3":{"name":"isWhitelisted","line":42,"loc":{"start":{"line":42,"column":4},"end":{"line":47,"column":4}}},"4":{"name":"mint","line":55,"loc":{"start":{"line":55,"column":4},"end":{"line":64,"column":4}}}},"statementMap":{"1":{"start":{"line":44,"column":8},"end":{"line":44,"column":77}},"2":{"start":{"line":46,"column":8},"end":{"line":46,"column":59}},"3":{"start":{"line":57,"column":8},"end":{"line":57,"column":68}},"4":{"start":{"line":59,"column":8},"end":{"line":59,"column":63}},"5":{"start":{"line":63,"column":8},"end":{"line":63,"column":30}}},"branchMap":{"1":{"line":30,"type":"if","locations":[{"start":{"line":30,"column":57},"end":{"line":30,"column":57}},{"start":{"line":30,"column":57},"end":{"line":30,"column":57}}]},"2":{"line":57,"type":"if","locations":[{"start":{"line":57,"column":8},"end":{"line":57,"column":8}},{"start":{"line":57,"column":8},"end":{"line":57,"column":8}}]},"3":{"line":59,"type":"if","locations":[{"start":{"line":59,"column":8},"end":{"line":59,"column":8}},{"start":{"line":59,"column":8},"end":{"line":59,"column":8}}]}}}}